<?xml version="1.0" encoding="UTF-8"?>
<testng-results ignored="0" total="1" passed="1" failed="0" skipped="0">
  <reporter-output>
  </reporter-output>
  <suite started-at="2024-04-04T01:15:29 IST" name="Default suite" finished-at="2024-04-04T01:15:30 IST" duration-ms="52">
    <groups>
    </groups>
    <test started-at="2024-04-04T01:15:29 IST" name="Default test" finished-at="2024-04-04T01:15:30 IST" duration-ms="52">
      <class name="Methods.TestNG1">
        <test-method signature="foo()[pri:0, instance:Methods.TestNG1@29e495ff]" started-at="2024-04-04T01:15:29 IST" name="foo" finished-at="2024-04-04T01:15:29 IST" duration-ms="13" status="PASS">
          <reporter-output>
          </reporter-output>
        </test-method> <!-- foo -->
      </class> <!-- Methods.TestNG1 -->
    </test> <!-- Default test -->
  </suite> <!-- Default suite -->
</testng-results>
